2020-09-17 15:45:06,688 root         INFO     ###### FTP Directory Tree ######
2020-09-17 15:45:07,289 root         INFO     ├── allianz-suisse.ch
2020-09-17 15:45:07,385 root         INFO     ├── allianz.com.tr
2020-09-17 15:45:08,054 root         INFO     │   └── 20200901195853_1242
2020-09-17 15:45:08,150 root         INFO     ├── allianzgi.com
2020-09-17 15:45:08,812 root         INFO     │   └── 20200903111336_1242
2020-09-17 15:45:08,907 root         INFO     ├── baml.com
2020-09-17 15:45:09,704 root         INFO     │   └── 20180301032756_52189
2020-09-17 15:45:09,799 root         INFO     ├── bnymellon.com
2020-09-17 15:45:10,736 root         INFO     │   └── 20171130162012_75727
2020-09-17 15:45:10,831 root         INFO     ├── bvdinfo.com
2020-09-17 15:45:11,487 root         INFO     │   └── 20191002072106_17677
2020-09-17 15:45:11,581 root         INFO     ├── ftserussell.com
2020-09-17 15:45:12,242 root         INFO     │   └── 20200324095138_81401
2020-09-17 15:45:12,337 root         INFO     ├── hkma.gov.hk
2020-09-17 15:45:12,996 root         INFO     │   └── 20200428111050_73037
2020-09-17 15:45:13,090 root         INFO     ├── ids.allianz.com
2020-09-17 15:45:13,904 root         INFO     │   └── 20200914084347_1242
2020-09-17 15:45:14,001 root         INFO     ├── idsffm.com
2020-09-17 15:45:14,935 root         INFO     │   └── 20200812193735_1242
2020-09-17 15:45:15,029 root         INFO     ├── INVESTMENTDATASERVICES.COM
2020-09-17 15:45:15,689 root         INFO     │   ├── 20200914082224_1242
2020-09-17 15:45:15,783 root         INFO     │   ├── 20200914083818_1242
2020-09-17 15:45:16,439 root         INFO     │   ├── 20200914162514_3508
2020-09-17 15:45:17,101 root         INFO     │   └── 20200916100755_3508
2020-09-17 15:45:17,905 root         INFO     ├── miacanalytics.com
2020-09-17 15:45:18,708 root         INFO     │   └── 20200915175756_3508
2020-09-17 15:45:18,803 root         INFO     ├── ml.com
2020-09-17 15:45:19,749 root         INFO     │   └── 20170419130031_53703
2020-09-17 15:45:19,844 root         INFO     ├── risklab.com
2020-09-17 15:45:20,504 root         INFO     │   └── 20190301100403_45561
2020-09-17 15:45:20,605 root         INFO     ├── spoonds.com
2020-09-17 15:45:21,264 root         INFO     │   └── 20200710214436_1074
2020-09-17 15:45:21,358 root         INFO     ├── statestreet.com
2020-09-17 15:45:22,016 root         INFO     │   ├── 20200911151218_1242
2020-09-17 15:45:22,110 root         INFO     │   ├── 20200911151231_1242
2020-09-17 15:45:22,909 root         INFO     │   ├── 20200914151306_3508
2020-09-17 15:45:23,704 root         INFO     │   ├── 20200914151320_3508
2020-09-17 15:45:24,508 root         INFO     │   ├── 20200915151337_3508
2020-09-17 15:45:25,308 root         INFO     │   ├── 20200915151350_3508
2020-09-17 15:45:26,108 root         INFO     │   ├── 20200916151142_3508
2020-09-17 15:45:26,906 root         INFO     │   └── 20200916151155_3508
2020-09-17 15:45:27,706 root         INFO     └── theice.com
2020-09-17 15:45:28,504 root         INFO         ├── 20200911115753_1242
2020-09-17 15:45:28,599 root         INFO         ├── 20200914115730_3508
2020-09-17 15:45:29,578 root         INFO         ├── 20200915115800_3508
2020-09-17 15:45:30,234 root         INFO         ├── 20200916120103_3508
2020-09-17 15:45:30,890 root         INFO         └── 20200917115745_3508
2020-09-17 15:45:31,547 root         INFO     ###### Deleting Directories ######
2020-09-17 15:45:31,547 root         INFO     	• empty
2020-09-17 15:45:31,548 root         INFO     	• older then 7 days
2020-09-17 15:45:31,548 root         INFO     	• not only directory for company
2020-09-17 15:45:31,548 root         INFO     	• youngest of multiple directories
